<?xml version="1.0" encoding="UTF-8"?>
<testsuite xmlns:xsi="http://www.w3.org/2001/XMLSchema-instance" xsi:noNamespaceSchemaLocation="https://maven.apache.org/surefire/maven-surefire-plugin/xsd/surefire-test-report.xsd" version="3.0.2" name="org.softeng.group77.pennyplanner.PennyPlannerApplicationTests" time="1.04" tests="1" errors="0" skipped="0" failures="0">
  <properties>
    <property name="java.specification.version" value="21"/>
    <property name="sun.jnu.encoding" value="UTF-8"/>
    <property name="java.class.path" value="/Users/yibagaozi/Documents/GitHub/PennyPlanner/target/test-classes:/Users/yibagaozi/Documents/GitHub/PennyPlanner/target/classes:/Users/yibagaozi/.m2/repository/org/springframework/boot/spring-boot-starter-web/3.4.4/spring-boot-starter-web-3.4.4.jar:/Users/yibagaozi/.m2/repository/org/springframework/boot/spring-boot-starter/3.4.4/spring-boot-starter-3.4.4.jar:/Users/yibagaozi/.m2/repository/org/springframework/boot/spring-boot/3.4.4/spring-boot-3.4.4.jar:/Users/yibagaozi/.m2/repository/org/springframework/boot/spring-boot-autoconfigure/3.4.4/spring-boot-autoconfigure-3.4.4.jar:/Users/yibagaozi/.m2/repository/org/springframework/boot/spring-boot-starter-logging/3.4.4/spring-boot-starter-logging-3.4.4.jar:/Users/yibagaozi/.m2/repository/ch/qos/logback/logback-classic/1.5.18/logback-classic-1.5.18.jar:/Users/yibagaozi/.m2/repository/ch/qos/logback/logback-core/1.5.18/logback-core-1.5.18.jar:/Users/yibagaozi/.m2/repository/org/apache/logging/log4j/log4j-to-slf4j/2.24.3/log4j-to-slf4j-2.24.3.jar:/Users/yibagaozi/.m2/repository/org/apache/logging/log4j/log4j-api/2.24.3/log4j-api-2.24.3.jar:/Users/yibagaozi/.m2/repository/org/slf4j/jul-to-slf4j/2.0.17/jul-to-slf4j-2.0.17.jar:/Users/yibagaozi/.m2/repository/jakarta/annotation/jakarta.annotation-api/2.1.1/jakarta.annotation-api-2.1.1.jar:/Users/yibagaozi/.m2/repository/org/yaml/snakeyaml/2.3/snakeyaml-2.3.jar:/Users/yibagaozi/.m2/repository/org/springframework/boot/spring-boot-starter-json/3.4.4/spring-boot-starter-json-3.4.4.jar:/Users/yibagaozi/.m2/repository/com/fasterxml/jackson/datatype/jackson-datatype-jdk8/2.18.3/jackson-datatype-jdk8-2.18.3.jar:/Users/yibagaozi/.m2/repository/com/fasterxml/jackson/datatype/jackson-datatype-jsr310/2.18.3/jackson-datatype-jsr310-2.18.3.jar:/Users/yibagaozi/.m2/repository/com/fasterxml/jackson/module/jackson-module-parameter-names/2.18.3/jackson-module-parameter-names-2.18.3.jar:/Users/yibagaozi/.m2/repository/org/springframework/boot/spring-boot-starter-tomcat/3.4.4/spring-boot-starter-tomcat-3.4.4.jar:/Users/yibagaozi/.m2/repository/org/apache/tomcat/embed/tomcat-embed-core/10.1.39/tomcat-embed-core-10.1.39.jar:/Users/yibagaozi/.m2/repository/org/apache/tomcat/embed/tomcat-embed-websocket/10.1.39/tomcat-embed-websocket-10.1.39.jar:/Users/yibagaozi/.m2/repository/org/springframework/spring-web/6.2.5/spring-web-6.2.5.jar:/Users/yibagaozi/.m2/repository/org/springframework/spring-beans/6.2.5/spring-beans-6.2.5.jar:/Users/yibagaozi/.m2/repository/io/micrometer/micrometer-observation/1.14.5/micrometer-observation-1.14.5.jar:/Users/yibagaozi/.m2/repository/io/micrometer/micrometer-commons/1.14.5/micrometer-commons-1.14.5.jar:/Users/yibagaozi/.m2/repository/org/springframework/spring-webmvc/6.2.5/spring-webmvc-6.2.5.jar:/Users/yibagaozi/.m2/repository/org/springframework/spring-context/6.2.5/spring-context-6.2.5.jar:/Users/yibagaozi/.m2/repository/org/springframework/spring-expression/6.2.5/spring-expression-6.2.5.jar:/Users/yibagaozi/.m2/repository/org/projectlombok/lombok/1.18.36/lombok-1.18.36.jar:/Users/yibagaozi/.m2/repository/org/springframework/boot/spring-boot-starter-test/3.4.4/spring-boot-starter-test-3.4.4.jar:/Users/yibagaozi/.m2/repository/org/springframework/boot/spring-boot-test/3.4.4/spring-boot-test-3.4.4.jar:/Users/yibagaozi/.m2/repository/org/springframework/boot/spring-boot-test-autoconfigure/3.4.4/spring-boot-test-autoconfigure-3.4.4.jar:/Users/yibagaozi/.m2/repository/com/jayway/jsonpath/json-path/2.9.0/json-path-2.9.0.jar:/Users/yibagaozi/.m2/repository/jakarta/xml/bind/jakarta.xml.bind-api/4.0.2/jakarta.xml.bind-api-4.0.2.jar:/Users/yibagaozi/.m2/repository/jakarta/activation/jakarta.activation-api/2.1.3/jakarta.activation-api-2.1.3.jar:/Users/yibagaozi/.m2/repository/net/minidev/json-smart/2.5.2/json-smart-2.5.2.jar:/Users/yibagaozi/.m2/repository/net/minidev/accessors-smart/2.5.2/accessors-smart-2.5.2.jar:/Users/yibagaozi/.m2/repository/org/ow2/asm/asm/9.7.1/asm-9.7.1.jar:/Users/yibagaozi/.m2/repository/org/assertj/assertj-core/3.26.3/assertj-core-3.26.3.jar:/Users/yibagaozi/.m2/repository/net/bytebuddy/byte-buddy/1.15.11/byte-buddy-1.15.11.jar:/Users/yibagaozi/.m2/repository/org/awaitility/awaitility/4.2.2/awaitility-4.2.2.jar:/Users/yibagaozi/.m2/repository/org/hamcrest/hamcrest/2.2/hamcrest-2.2.jar:/Users/yibagaozi/.m2/repository/org/junit/jupiter/junit-jupiter/5.11.4/junit-jupiter-5.11.4.jar:/Users/yibagaozi/.m2/repository/org/junit/jupiter/junit-jupiter-api/5.11.4/junit-jupiter-api-5.11.4.jar:/Users/yibagaozi/.m2/repository/org/opentest4j/opentest4j/1.3.0/opentest4j-1.3.0.jar:/Users/yibagaozi/.m2/repository/org/junit/platform/junit-platform-commons/1.11.4/junit-platform-commons-1.11.4.jar:/Users/yibagaozi/.m2/repository/org/apiguardian/apiguardian-api/1.1.2/apiguardian-api-1.1.2.jar:/Users/yibagaozi/.m2/repository/org/junit/jupiter/junit-jupiter-params/5.11.4/junit-jupiter-params-5.11.4.jar:/Users/yibagaozi/.m2/repository/org/junit/jupiter/junit-jupiter-engine/5.11.4/junit-jupiter-engine-5.11.4.jar:/Users/yibagaozi/.m2/repository/org/junit/platform/junit-platform-engine/1.11.4/junit-platform-engine-1.11.4.jar:/Users/yibagaozi/.m2/repository/org/mockito/mockito-core/5.14.2/mockito-core-5.14.2.jar:/Users/yibagaozi/.m2/repository/net/bytebuddy/byte-buddy-agent/1.15.11/byte-buddy-agent-1.15.11.jar:/Users/yibagaozi/.m2/repository/org/objenesis/objenesis/3.3/objenesis-3.3.jar:/Users/yibagaozi/.m2/repository/org/mockito/mockito-junit-jupiter/5.14.2/mockito-junit-jupiter-5.14.2.jar:/Users/yibagaozi/.m2/repository/org/skyscreamer/jsonassert/1.5.3/jsonassert-1.5.3.jar:/Users/yibagaozi/.m2/repository/com/vaadin/external/google/android-json/0.0.20131108.vaadin1/android-json-0.0.20131108.vaadin1.jar:/Users/yibagaozi/.m2/repository/org/springframework/spring-core/6.2.5/spring-core-6.2.5.jar:/Users/yibagaozi/.m2/repository/org/springframework/spring-jcl/6.2.5/spring-jcl-6.2.5.jar:/Users/yibagaozi/.m2/repository/org/springframework/spring-test/6.2.5/spring-test-6.2.5.jar:/Users/yibagaozi/.m2/repository/org/xmlunit/xmlunit-core/2.10.0/xmlunit-core-2.10.0.jar:/Users/yibagaozi/.m2/repository/org/springframework/boot/spring-boot-starter-aop/3.4.4/spring-boot-starter-aop-3.4.4.jar:/Users/yibagaozi/.m2/repository/org/springframework/spring-aop/6.2.5/spring-aop-6.2.5.jar:/Users/yibagaozi/.m2/repository/org/aspectj/aspectjweaver/1.9.23/aspectjweaver-1.9.23.jar:/Users/yibagaozi/.m2/repository/org/springframework/boot/spring-boot-starter-validation/3.4.4/spring-boot-starter-validation-3.4.4.jar:/Users/yibagaozi/.m2/repository/org/apache/tomcat/embed/tomcat-embed-el/10.1.39/tomcat-embed-el-10.1.39.jar:/Users/yibagaozi/.m2/repository/org/springframework/security/spring-security-crypto/6.4.4/spring-security-crypto-6.4.4.jar:/Users/yibagaozi/.m2/repository/com/fasterxml/jackson/core/jackson-core/2.18.3/jackson-core-2.18.3.jar:/Users/yibagaozi/.m2/repository/com/fasterxml/jackson/core/jackson-databind/2.18.3/jackson-databind-2.18.3.jar:/Users/yibagaozi/.m2/repository/com/fasterxml/jackson/core/jackson-annotations/2.18.3/jackson-annotations-2.18.3.jar:/Users/yibagaozi/.m2/repository/org/openjfx/javafx-controls/21/javafx-controls-21.jar:/Users/yibagaozi/.m2/repository/org/openjfx/javafx-controls/21/javafx-controls-21-mac-aarch64.jar:/Users/yibagaozi/.m2/repository/org/openjfx/javafx-graphics/21/javafx-graphics-21.jar:/Users/yibagaozi/.m2/repository/org/openjfx/javafx-graphics/21/javafx-graphics-21-mac-aarch64.jar:/Users/yibagaozi/.m2/repository/org/openjfx/javafx-base/21/javafx-base-21.jar:/Users/yibagaozi/.m2/repository/org/openjfx/javafx-base/21/javafx-base-21-mac-aarch64.jar:/Users/yibagaozi/.m2/repository/org/openjfx/javafx-fxml/21/javafx-fxml-21.jar:/Users/yibagaozi/.m2/repository/org/openjfx/javafx-fxml/21/javafx-fxml-21-mac-aarch64.jar:/Users/yibagaozi/.m2/repository/org/hibernate/validator/hibernate-validator/8.0.2.Final/hibernate-validator-8.0.2.Final.jar:/Users/yibagaozi/.m2/repository/org/jboss/logging/jboss-logging/3.6.1.Final/jboss-logging-3.6.1.Final.jar:/Users/yibagaozi/.m2/repository/com/fasterxml/classmate/1.7.0/classmate-1.7.0.jar:/Users/yibagaozi/.m2/repository/jakarta/validation/jakarta.validation-api/3.0.2/jakarta.validation-api-3.0.2.jar:/Users/yibagaozi/.m2/repository/jakarta/el/jakarta.el-api/6.0.1/jakarta.el-api-6.0.1.jar:/Users/yibagaozi/.m2/repository/org/testng/testng/7.11.0/testng-7.11.0.jar:/Users/yibagaozi/.m2/repository/org/slf4j/slf4j-api/2.0.17/slf4j-api-2.0.17.jar:/Users/yibagaozi/.m2/repository/org/jcommander/jcommander/1.83/jcommander-1.83.jar:/Users/yibagaozi/.m2/repository/org/webjars/jquery/3.7.1/jquery-3.7.1.jar:"/>
    <property name="java.vm.vendor" value="Oracle Corporation"/>
    <property name="sun.arch.data.model" value="64"/>
    <property name="java.vendor.url" value="https://java.oracle.com/"/>
    <property name="user.timezone" value="Asia/Shanghai"/>
    <property name="org.jboss.logging.provider" value="slf4j"/>
    <property name="os.name" value="Mac OS X"/>
    <property name="java.vm.specification.version" value="21"/>
    <property name="APPLICATION_NAME" value="PennyPlanner"/>
    <property name="sun.java.launcher" value="SUN_STANDARD"/>
    <property name="user.country" value="CN"/>
    <property name="sun.boot.library.path" value="/Library/Java/JavaVirtualMachines/jdk-21.jdk/Contents/Home/lib"/>
    <property name="sun.java.command" value="/Users/yibagaozi/Documents/GitHub/PennyPlanner/target/surefire/surefirebooter-20250412230501315_3.jar /Users/yibagaozi/Documents/GitHub/PennyPlanner/target/surefire 2025-04-12T23-05-01_280-jvmRun1 surefire-20250412230501315_1tmp surefire_0-20250412230501315_2tmp"/>
    <property name="jdk.debug" value="release"/>
    <property name="surefire.test.class.path" value="/Users/yibagaozi/Documents/GitHub/PennyPlanner/target/test-classes:/Users/yibagaozi/Documents/GitHub/PennyPlanner/target/classes:/Users/yibagaozi/.m2/repository/org/springframework/boot/spring-boot-starter-web/3.4.4/spring-boot-starter-web-3.4.4.jar:/Users/yibagaozi/.m2/repository/org/springframework/boot/spring-boot-starter/3.4.4/spring-boot-starter-3.4.4.jar:/Users/yibagaozi/.m2/repository/org/springframework/boot/spring-boot/3.4.4/spring-boot-3.4.4.jar:/Users/yibagaozi/.m2/repository/org/springframework/boot/spring-boot-autoconfigure/3.4.4/spring-boot-autoconfigure-3.4.4.jar:/Users/yibagaozi/.m2/repository/org/springframework/boot/spring-boot-starter-logging/3.4.4/spring-boot-starter-logging-3.4.4.jar:/Users/yibagaozi/.m2/repository/ch/qos/logback/logback-classic/1.5.18/logback-classic-1.5.18.jar:/Users/yibagaozi/.m2/repository/ch/qos/logback/logback-core/1.5.18/logback-core-1.5.18.jar:/Users/yibagaozi/.m2/repository/org/apache/logging/log4j/log4j-to-slf4j/2.24.3/log4j-to-slf4j-2.24.3.jar:/Users/yibagaozi/.m2/repository/org/apache/logging/log4j/log4j-api/2.24.3/log4j-api-2.24.3.jar:/Users/yibagaozi/.m2/repository/org/slf4j/jul-to-slf4j/2.0.17/jul-to-slf4j-2.0.17.jar:/Users/yibagaozi/.m2/repository/jakarta/annotation/jakarta.annotation-api/2.1.1/jakarta.annotation-api-2.1.1.jar:/Users/yibagaozi/.m2/repository/org/yaml/snakeyaml/2.3/snakeyaml-2.3.jar:/Users/yibagaozi/.m2/repository/org/springframework/boot/spring-boot-starter-json/3.4.4/spring-boot-starter-json-3.4.4.jar:/Users/yibagaozi/.m2/repository/com/fasterxml/jackson/datatype/jackson-datatype-jdk8/2.18.3/jackson-datatype-jdk8-2.18.3.jar:/Users/yibagaozi/.m2/repository/com/fasterxml/jackson/datatype/jackson-datatype-jsr310/2.18.3/jackson-datatype-jsr310-2.18.3.jar:/Users/yibagaozi/.m2/repository/com/fasterxml/jackson/module/jackson-module-parameter-names/2.18.3/jackson-module-parameter-names-2.18.3.jar:/Users/yibagaozi/.m2/repository/org/springframework/boot/spring-boot-starter-tomcat/3.4.4/spring-boot-starter-tomcat-3.4.4.jar:/Users/yibagaozi/.m2/repository/org/apache/tomcat/embed/tomcat-embed-core/10.1.39/tomcat-embed-core-10.1.39.jar:/Users/yibagaozi/.m2/repository/org/apache/tomcat/embed/tomcat-embed-websocket/10.1.39/tomcat-embed-websocket-10.1.39.jar:/Users/yibagaozi/.m2/repository/org/springframework/spring-web/6.2.5/spring-web-6.2.5.jar:/Users/yibagaozi/.m2/repository/org/springframework/spring-beans/6.2.5/spring-beans-6.2.5.jar:/Users/yibagaozi/.m2/repository/io/micrometer/micrometer-observation/1.14.5/micrometer-observation-1.14.5.jar:/Users/yibagaozi/.m2/repository/io/micrometer/micrometer-commons/1.14.5/micrometer-commons-1.14.5.jar:/Users/yibagaozi/.m2/repository/org/springframework/spring-webmvc/6.2.5/spring-webmvc-6.2.5.jar:/Users/yibagaozi/.m2/repository/org/springframework/spring-context/6.2.5/spring-context-6.2.5.jar:/Users/yibagaozi/.m2/repository/org/springframework/spring-expression/6.2.5/spring-expression-6.2.5.jar:/Users/yibagaozi/.m2/repository/org/projectlombok/lombok/1.18.36/lombok-1.18.36.jar:/Users/yibagaozi/.m2/repository/org/springframework/boot/spring-boot-starter-test/3.4.4/spring-boot-starter-test-3.4.4.jar:/Users/yibagaozi/.m2/repository/org/springframework/boot/spring-boot-test/3.4.4/spring-boot-test-3.4.4.jar:/Users/yibagaozi/.m2/repository/org/springframework/boot/spring-boot-test-autoconfigure/3.4.4/spring-boot-test-autoconfigure-3.4.4.jar:/Users/yibagaozi/.m2/repository/com/jayway/jsonpath/json-path/2.9.0/json-path-2.9.0.jar:/Users/yibagaozi/.m2/repository/jakarta/xml/bind/jakarta.xml.bind-api/4.0.2/jakarta.xml.bind-api-4.0.2.jar:/Users/yibagaozi/.m2/repository/jakarta/activation/jakarta.activation-api/2.1.3/jakarta.activation-api-2.1.3.jar:/Users/yibagaozi/.m2/repository/net/minidev/json-smart/2.5.2/json-smart-2.5.2.jar:/Users/yibagaozi/.m2/repository/net/minidev/accessors-smart/2.5.2/accessors-smart-2.5.2.jar:/Users/yibagaozi/.m2/repository/org/ow2/asm/asm/9.7.1/asm-9.7.1.jar:/Users/yibagaozi/.m2/repository/org/assertj/assertj-core/3.26.3/assertj-core-3.26.3.jar:/Users/yibagaozi/.m2/repository/net/bytebuddy/byte-buddy/1.15.11/byte-buddy-1.15.11.jar:/Users/yibagaozi/.m2/repository/org/awaitility/awaitility/4.2.2/awaitility-4.2.2.jar:/Users/yibagaozi/.m2/repository/org/hamcrest/hamcrest/2.2/hamcrest-2.2.jar:/Users/yibagaozi/.m2/repository/org/junit/jupiter/junit-jupiter/5.11.4/junit-jupiter-5.11.4.jar:/Users/yibagaozi/.m2/repository/org/junit/jupiter/junit-jupiter-api/5.11.4/junit-jupiter-api-5.11.4.jar:/Users/yibagaozi/.m2/repository/org/opentest4j/opentest4j/1.3.0/opentest4j-1.3.0.jar:/Users/yibagaozi/.m2/repository/org/junit/platform/junit-platform-commons/1.11.4/junit-platform-commons-1.11.4.jar:/Users/yibagaozi/.m2/repository/org/apiguardian/apiguardian-api/1.1.2/apiguardian-api-1.1.2.jar:/Users/yibagaozi/.m2/repository/org/junit/jupiter/junit-jupiter-params/5.11.4/junit-jupiter-params-5.11.4.jar:/Users/yibagaozi/.m2/repository/org/junit/jupiter/junit-jupiter-engine/5.11.4/junit-jupiter-engine-5.11.4.jar:/Users/yibagaozi/.m2/repository/org/junit/platform/junit-platform-engine/1.11.4/junit-platform-engine-1.11.4.jar:/Users/yibagaozi/.m2/repository/org/mockito/mockito-core/5.14.2/mockito-core-5.14.2.jar:/Users/yibagaozi/.m2/repository/net/bytebuddy/byte-buddy-agent/1.15.11/byte-buddy-agent-1.15.11.jar:/Users/yibagaozi/.m2/repository/org/objenesis/objenesis/3.3/objenesis-3.3.jar:/Users/yibagaozi/.m2/repository/org/mockito/mockito-junit-jupiter/5.14.2/mockito-junit-jupiter-5.14.2.jar:/Users/yibagaozi/.m2/repository/org/skyscreamer/jsonassert/1.5.3/jsonassert-1.5.3.jar:/Users/yibagaozi/.m2/repository/com/vaadin/external/google/android-json/0.0.20131108.vaadin1/android-json-0.0.20131108.vaadin1.jar:/Users/yibagaozi/.m2/repository/org/springframework/spring-core/6.2.5/spring-core-6.2.5.jar:/Users/yibagaozi/.m2/repository/org/springframework/spring-jcl/6.2.5/spring-jcl-6.2.5.jar:/Users/yibagaozi/.m2/repository/org/springframework/spring-test/6.2.5/spring-test-6.2.5.jar:/Users/yibagaozi/.m2/repository/org/xmlunit/xmlunit-core/2.10.0/xmlunit-core-2.10.0.jar:/Users/yibagaozi/.m2/repository/org/springframework/boot/spring-boot-starter-aop/3.4.4/spring-boot-starter-aop-3.4.4.jar:/Users/yibagaozi/.m2/repository/org/springframework/spring-aop/6.2.5/spring-aop-6.2.5.jar:/Users/yibagaozi/.m2/repository/org/aspectj/aspectjweaver/1.9.23/aspectjweaver-1.9.23.jar:/Users/yibagaozi/.m2/repository/org/springframework/boot/spring-boot-starter-validation/3.4.4/spring-boot-starter-validation-3.4.4.jar:/Users/yibagaozi/.m2/repository/org/apache/tomcat/embed/tomcat-embed-el/10.1.39/tomcat-embed-el-10.1.39.jar:/Users/yibagaozi/.m2/repository/org/springframework/security/spring-security-crypto/6.4.4/spring-security-crypto-6.4.4.jar:/Users/yibagaozi/.m2/repository/com/fasterxml/jackson/core/jackson-core/2.18.3/jackson-core-2.18.3.jar:/Users/yibagaozi/.m2/repository/com/fasterxml/jackson/core/jackson-databind/2.18.3/jackson-databind-2.18.3.jar:/Users/yibagaozi/.m2/repository/com/fasterxml/jackson/core/jackson-annotations/2.18.3/jackson-annotations-2.18.3.jar:/Users/yibagaozi/.m2/repository/org/openjfx/javafx-controls/21/javafx-controls-21.jar:/Users/yibagaozi/.m2/repository/org/openjfx/javafx-controls/21/javafx-controls-21-mac-aarch64.jar:/Users/yibagaozi/.m2/repository/org/openjfx/javafx-graphics/21/javafx-graphics-21.jar:/Users/yibagaozi/.m2/repository/org/openjfx/javafx-graphics/21/javafx-graphics-21-mac-aarch64.jar:/Users/yibagaozi/.m2/repository/org/openjfx/javafx-base/21/javafx-base-21.jar:/Users/yibagaozi/.m2/repository/org/openjfx/javafx-base/21/javafx-base-21-mac-aarch64.jar:/Users/yibagaozi/.m2/repository/org/openjfx/javafx-fxml/21/javafx-fxml-21.jar:/Users/yibagaozi/.m2/repository/org/openjfx/javafx-fxml/21/javafx-fxml-21-mac-aarch64.jar:/Users/yibagaozi/.m2/repository/org/hibernate/validator/hibernate-validator/8.0.2.Final/hibernate-validator-8.0.2.Final.jar:/Users/yibagaozi/.m2/repository/org/jboss/logging/jboss-logging/3.6.1.Final/jboss-logging-3.6.1.Final.jar:/Users/yibagaozi/.m2/repository/com/fasterxml/classmate/1.7.0/classmate-1.7.0.jar:/Users/yibagaozi/.m2/repository/jakarta/validation/jakarta.validation-api/3.0.2/jakarta.validation-api-3.0.2.jar:/Users/yibagaozi/.m2/repository/jakarta/el/jakarta.el-api/6.0.1/jakarta.el-api-6.0.1.jar:/Users/yibagaozi/.m2/repository/org/testng/testng/7.11.0/testng-7.11.0.jar:/Users/yibagaozi/.m2/repository/org/slf4j/slf4j-api/2.0.17/slf4j-api-2.0.17.jar:/Users/yibagaozi/.m2/repository/org/jcommander/jcommander/1.83/jcommander-1.83.jar:/Users/yibagaozi/.m2/repository/org/webjars/jquery/3.7.1/jquery-3.7.1.jar:"/>
    <property name="sun.cpu.endian" value="little"/>
    <property name="user.home" value="/Users/yibagaozi"/>
    <property name="user.language" value="zh"/>
    <property name="java.specification.vendor" value="Oracle Corporation"/>
    <property name="java.version.date" value="2024-10-15"/>
    <property name="java.home" value="/Library/Java/JavaVirtualMachines/jdk-21.jdk/Contents/Home"/>
    <property name="file.separator" value="/"/>
    <property name="basedir" value="/Users/yibagaozi/Documents/GitHub/PennyPlanner"/>
    <property name="java.vm.compressedOopsMode" value="Zero based"/>
    <property name="line.separator" value="&#10;"/>
    <property name="java.vm.specification.vendor" value="Oracle Corporation"/>
    <property name="java.specification.name" value="Java Platform API Specification"/>
    <property name="FILE_LOG_CHARSET" value="UTF-8"/>
    <property name="java.awt.headless" value="true"/>
    <property name="apple.awt.application.name" value="ForkedBooter"/>
    <property name="surefire.real.class.path" value="/Users/yibagaozi/Documents/GitHub/PennyPlanner/target/surefire/surefirebooter-20250412230501315_3.jar"/>
    <property name="user.script" value="Hans"/>
    <property name="sun.management.compiler" value="HotSpot 64-Bit Tiered Compilers"/>
    <property name="java.runtime.version" value="21.0.5+9-LTS-239"/>
    <property name="user.name" value="yibagaozi"/>
    <property name="stdout.encoding" value="UTF-8"/>
    <property name="path.separator" value=":"/>
    <property name="os.version" value="15.4"/>
    <property name="java.runtime.name" value="Java(TM) SE Runtime Environment"/>
    <property name="file.encoding" value="UTF-8"/>
    <property name="java.vm.name" value="Java HotSpot(TM) 64-Bit Server VM"/>
    <property name="localRepository" value="/Users/yibagaozi/.m2/repository"/>
    <property name="java.vendor.url.bug" value="https://bugreport.java.com/bugreport/"/>
    <property name="java.io.tmpdir" value="/var/folders/1s/y9qjl0q16j534z511gslvj_m0000gn/T/"/>
    <property name="idea.version" value="2024.2.5"/>
    <property name="java.version" value="21.0.5"/>
    <property name="user.dir" value="/Users/yibagaozi/Documents/GitHub/PennyPlanner"/>
    <property name="os.arch" value="aarch64"/>
    <property name="java.vm.specification.name" value="Java Virtual Machine Specification"/>
    <property name="PID" value="88898"/>
    <property name="CONSOLE_LOG_CHARSET" value="UTF-8"/>
    <property name="native.encoding" value="UTF-8"/>
    <property name="java.library.path" value="/Users/yibagaozi/Library/Java/Extensions:/Library/Java/Extensions:/Network/Library/Java/Extensions:/System/Library/Java/Extensions:/usr/lib/java:."/>
    <property name="java.vm.info" value="mixed mode, sharing"/>
    <property name="stderr.encoding" value="UTF-8"/>
    <property name="java.vendor" value="Oracle Corporation"/>
    <property name="java.vm.version" value="21.0.5+9-LTS-239"/>
    <property name="sun.io.unicode.encoding" value="UnicodeBig"/>
    <property name="java.class.version" value="65.0"/>
    <property name="LOGGED_APPLICATION_NAME" value="[PennyPlanner] "/>
  </properties>
  <testcase name="contextLoads" classname="org.softeng.group77.pennyplanner.PennyPlannerApplicationTests" time="0.349">
    <system-out><![CDATA[23:05:01.617 [main] INFO org.springframework.test.context.support.AnnotationConfigContextLoaderUtils -- Could not detect default configuration classes for test class [org.softeng.group77.pennyplanner.PennyPlannerApplicationTests]: PennyPlannerApplicationTests does not declare any static, non-private, non-final, nested classes annotated with @Configuration.
23:05:01.658 [main] INFO org.springframework.boot.test.context.SpringBootTestContextBootstrapper -- Found @SpringBootConfiguration org.softeng.group77.pennyplanner.PennyPlannerApplication for test class org.softeng.group77.pennyplanner.PennyPlannerApplicationTests

  .   ____          _            __ _ _
 /\\ / ___'_ __ _ _(_)_ __  __ _ \ \ \ \
( ( )\___ | '_ | '_| | '_ \/ _` | \ \ \ \
 \\/  ___)| |_)| | | | | || (_| |  ) ) ) )
  '  |____| .__|_| |_|_| |_\__, | / / / /
 =========|_|==============|___/=/_/_/_/

 :: Spring Boot ::                (v3.4.4)

2025-04-12T23:05:01.815+08:00  INFO 88898 --- [PennyPlanner] [           main] o.s.g.p.PennyPlannerApplicationTests     : Starting PennyPlannerApplicationTests using Java 21.0.5 with PID 88898 (started by yibagaozi in /Users/yibagaozi/Documents/GitHub/PennyPlanner)
2025-04-12T23:05:01.815+08:00  INFO 88898 --- [PennyPlanner] [           main] o.s.g.p.PennyPlannerApplicationTests     : No active profile set, falling back to 1 default profile: "default"
2025-04-12T23:05:02.249+08:00  INFO 88898 --- [PennyPlanner] [           main] o.s.g.p.PennyPlannerApplicationTests     : Started PennyPlannerApplicationTests in 0.541 seconds (process running for 0.895)
]]></system-out>
    <system-err><![CDATA[Mockito is currently self-attaching to enable the inline-mock-maker. This will no longer work in future releases of the JDK. Please add Mockito as an agent to your build what is described in Mockito's documentation: https://javadoc.io/doc/org.mockito/mockito-core/latest/org/mockito/Mockito.html#0.3
WARNING: A Java agent has been loaded dynamically (/Users/yibagaozi/.m2/repository/net/bytebuddy/byte-buddy-agent/1.15.11/byte-buddy-agent-1.15.11.jar)
WARNING: If a serviceability tool is in use, please run with -XX:+EnableDynamicAgentLoading to hide this warning
WARNING: If a serviceability tool is not in use, please run with -Djdk.instrument.traceUsage for more information
WARNING: Dynamic loading of agents will be disallowed by default in a future release
]]></system-err>
  </testcase>
</testsuite>